{"D:\\谭上彪\\project\\blog\\my-blog-express\\app.js":{"path":"D:\\谭上彪\\project\\blog\\my-blog-express\\app.js","s":{"1":1,"2":1,"3":1,"4":1,"5":1,"6":1,"7":1,"8":1,"9":1,"10":1,"11":1,"12":1,"13":1,"14":1,"15":1,"16":1,"17":1,"18":1,"19":1,"20":0,"21":0,"22":0,"23":0,"24":1,"25":1,"26":1,"27":1,"28":0,"29":0,"30":0,"31":1,"32":1,"33":0,"34":0},"b":{"1":[1,0]},"f":{"1":0},"fnMap":{"1":{"name":"(anonymous_1)","line":117,"loc":{"start":{"line":117,"column":28},"end":{"line":117,"column":40}}}},"statementMap":{"1":{"start":{"line":4,"column":0},"end":{"line":4,"column":28}},"2":{"start":{"line":6,"column":0},"end":{"line":6,"column":34}},"3":{"start":{"line":8,"column":0},"end":{"line":8,"column":42}},"4":{"start":{"line":10,"column":0},"end":{"line":10,"column":52}},"5":{"start":{"line":12,"column":0},"end":{"line":12,"column":38}},"6":{"start":{"line":14,"column":0},"end":{"line":14,"column":48}},"7":{"start":{"line":16,"column":0},"end":{"line":16,"column":40}},"8":{"start":{"line":18,"column":0},"end":{"line":18,"column":32}},"9":{"start":{"line":19,"column":0},"end":{"line":19,"column":34}},"10":{"start":{"line":20,"column":0},"end":{"line":20,"column":49}},"11":{"start":{"line":23,"column":0},"end":{"line":23,"column":21}},"12":{"start":{"line":26,"column":0},"end":{"line":26,"column":47}},"13":{"start":{"line":28,"column":0},"end":{"line":28,"column":29}},"14":{"start":{"line":32,"column":0},"end":{"line":32,"column":55}},"15":{"start":{"line":35,"column":0},"end":{"line":46,"column":3}},"16":{"start":{"line":49,"column":0},"end":{"line":49,"column":16}},"17":{"start":{"line":52,"column":0},"end":{"line":55,"column":3}},"18":{"start":{"line":58,"column":0},"end":{"line":61,"column":1}},"19":{"start":{"line":64,"column":0},"end":{"line":69,"column":2}},"20":{"start":{"line":65,"column":4},"end":{"line":65,"column":38}},"21":{"start":{"line":66,"column":4},"end":{"line":66,"column":56}},"22":{"start":{"line":67,"column":4},"end":{"line":67,"column":52}},"23":{"start":{"line":68,"column":4},"end":{"line":68,"column":10}},"24":{"start":{"line":72,"column":0},"end":{"line":82,"column":3}},"25":{"start":{"line":85,"column":0},"end":{"line":85,"column":11}},"26":{"start":{"line":88,"column":0},"end":{"line":98,"column":3}},"27":{"start":{"line":102,"column":0},"end":{"line":106,"column":2}},"28":{"start":{"line":103,"column":4},"end":{"line":103,"column":22}},"29":{"start":{"line":104,"column":4},"end":{"line":104,"column":35}},"30":{"start":{"line":105,"column":4},"end":{"line":105,"column":26}},"31":{"start":{"line":112,"column":0},"end":{"line":120,"column":1}},"32":{"start":{"line":114,"column":4},"end":{"line":114,"column":24}},"33":{"start":{"line":117,"column":4},"end":{"line":119,"column":6}},"34":{"start":{"line":118,"column":8},"end":{"line":118,"column":67}}},"branchMap":{"1":{"line":112,"type":"if","locations":[{"start":{"line":112,"column":0},"end":{"line":112,"column":0}},{"start":{"line":112,"column":0},"end":{"line":112,"column":0}}]}}},"D:\\谭上彪\\project\\blog\\my-blog-express\\config\\default.js":{"path":"D:\\谭上彪\\project\\blog\\my-blog-express\\config\\default.js","s":{"1":1},"b":{},"f":{},"fnMap":{},"statementMap":{"1":{"start":{"line":7,"column":0},"end":{"line":15,"column":1}}},"branchMap":{}},"D:\\谭上彪\\project\\blog\\my-blog-express\\routes\\index.js":{"path":"D:\\谭上彪\\project\\blog\\my-blog-express\\routes\\index.js","s":{"1":1,"2":1,"3":0,"4":1,"5":1,"6":1,"7":1,"8":1,"9":1,"10":0,"11":0},"b":{"1":[0,0]},"f":{"1":1,"2":0},"fnMap":{"1":{"name":"(anonymous_1)","line":2,"loc":{"start":{"line":2,"column":17},"end":{"line":2,"column":32}}},"2":{"name":"(anonymous_2)","line":3,"loc":{"start":{"line":3,"column":17},"end":{"line":3,"column":37}}}},"statementMap":{"1":{"start":{"line":2,"column":0},"end":{"line":16,"column":1}},"2":{"start":{"line":3,"column":4},"end":{"line":5,"column":6}},"3":{"start":{"line":4,"column":8},"end":{"line":4,"column":30}},"4":{"start":{"line":6,"column":4},"end":{"line":6,"column":43}},"5":{"start":{"line":7,"column":4},"end":{"line":7,"column":43}},"6":{"start":{"line":8,"column":4},"end":{"line":8,"column":45}},"7":{"start":{"line":9,"column":4},"end":{"line":9,"column":41}},"8":{"start":{"line":10,"column":4},"end":{"line":10,"column":47}},"9":{"start":{"line":11,"column":4},"end":{"line":15,"column":6}},"10":{"start":{"line":12,"column":8},"end":{"line":14,"column":9}},"11":{"start":{"line":13,"column":12},"end":{"line":13,"column":41}}},"branchMap":{"1":{"line":12,"type":"if","locations":[{"start":{"line":12,"column":8},"end":{"line":12,"column":8}},{"start":{"line":12,"column":8},"end":{"line":12,"column":8}}]}}},"D:\\谭上彪\\project\\blog\\my-blog-express\\routes\\signup.js":{"path":"D:\\谭上彪\\project\\blog\\my-blog-express\\routes\\signup.js","s":{"1":1,"2":1,"3":1,"4":1,"5":1,"6":1,"7":1,"8":1,"9":0,"10":1,"11":0,"12":0,"13":0,"14":0,"15":0,"16":0,"17":0,"18":0,"19":0,"20":0,"21":0,"22":0,"23":0,"24":0,"25":0,"26":0,"27":0,"28":0,"29":0,"30":0,"31":0,"32":0,"33":0,"34":0,"35":0,"36":0,"37":0,"38":0,"39":0,"40":0,"41":0,"42":0,"43":0,"44":0,"45":0,"46":0,"47":0,"48":0,"49":0,"50":0,"51":0,"52":0,"53":1},"b":{"1":[0,0],"2":[0,0],"3":[0,0],"4":[0,0],"5":[0,0],"6":[0,0],"7":[0,0],"8":[0,0],"9":[0,0],"10":[0,0],"11":[0,0]},"f":{"1":0,"2":0,"3":0,"4":0},"fnMap":{"1":{"name":"(anonymous_1)","line":11,"loc":{"start":{"line":11,"column":31},"end":{"line":11,"column":57}}},"2":{"name":"(anonymous_2)","line":16,"loc":{"start":{"line":16,"column":32},"end":{"line":16,"column":58}}},"3":{"name":"(anonymous_3)","line":71,"loc":{"start":{"line":71,"column":14},"end":{"line":71,"column":32}}},"4":{"name":"(anonymous_4)","line":82,"loc":{"start":{"line":82,"column":15},"end":{"line":82,"column":28}}}},"statementMap":{"1":{"start":{"line":1,"column":0},"end":{"line":1,"column":24}},"2":{"start":{"line":2,"column":0},"end":{"line":2,"column":28}},"3":{"start":{"line":3,"column":0},"end":{"line":3,"column":28}},"4":{"start":{"line":4,"column":0},"end":{"line":4,"column":34}},"5":{"start":{"line":5,"column":0},"end":{"line":5,"column":31}},"6":{"start":{"line":7,"column":0},"end":{"line":7,"column":44}},"7":{"start":{"line":8,"column":0},"end":{"line":8,"column":67}},"8":{"start":{"line":11,"column":0},"end":{"line":13,"column":2}},"9":{"start":{"line":12,"column":4},"end":{"line":12,"column":24}},"10":{"start":{"line":16,"column":0},"end":{"line":97,"column":2}},"11":{"start":{"line":17,"column":4},"end":{"line":17,"column":32}},"12":{"start":{"line":18,"column":4},"end":{"line":18,"column":36}},"13":{"start":{"line":19,"column":4},"end":{"line":19,"column":30}},"14":{"start":{"line":20,"column":4},"end":{"line":20,"column":62}},"15":{"start":{"line":21,"column":4},"end":{"line":21,"column":38}},"16":{"start":{"line":22,"column":4},"end":{"line":22,"column":44}},"17":{"start":{"line":25,"column":4},"end":{"line":55,"column":5}},"18":{"start":{"line":26,"column":8},"end":{"line":28,"column":9}},"19":{"start":{"line":27,"column":12},"end":{"line":27,"column":46}},"20":{"start":{"line":29,"column":8},"end":{"line":31,"column":9}},"21":{"start":{"line":30,"column":12},"end":{"line":30,"column":44}},"22":{"start":{"line":32,"column":8},"end":{"line":34,"column":9}},"23":{"start":{"line":33,"column":12},"end":{"line":33,"column":48}},"24":{"start":{"line":35,"column":8},"end":{"line":37,"column":9}},"25":{"start":{"line":36,"column":12},"end":{"line":36,"column":35}},"26":{"start":{"line":38,"column":8},"end":{"line":40,"column":9}},"27":{"start":{"line":39,"column":12},"end":{"line":39,"column":41}},"28":{"start":{"line":41,"column":8},"end":{"line":43,"column":9}},"29":{"start":{"line":42,"column":12},"end":{"line":42,"column":40}},"30":{"start":{"line":46,"column":8},"end":{"line":52,"column":10}},"31":{"start":{"line":47,"column":12},"end":{"line":49,"column":13}},"32":{"start":{"line":48,"column":16},"end":{"line":48,"column":25}},"33":{"start":{"line":51,"column":12},"end":{"line":51,"column":35}},"34":{"start":{"line":53,"column":8},"end":{"line":53,"column":37}},"35":{"start":{"line":54,"column":8},"end":{"line":54,"column":38}},"36":{"start":{"line":58,"column":4},"end":{"line":58,"column":29}},"37":{"start":{"line":61,"column":4},"end":{"line":67,"column":5}},"38":{"start":{"line":68,"column":4},"end":{"line":68,"column":23}},"39":{"start":{"line":70,"column":4},"end":{"line":96,"column":10}},"40":{"start":{"line":73,"column":12},"end":{"line":73,"column":32}},"41":{"start":{"line":75,"column":12},"end":{"line":75,"column":32}},"42":{"start":{"line":76,"column":12},"end":{"line":76,"column":35}},"43":{"start":{"line":78,"column":12},"end":{"line":78,"column":40}},"44":{"start":{"line":80,"column":12},"end":{"line":80,"column":34}},"45":{"start":{"line":84,"column":12},"end":{"line":89,"column":14}},"46":{"start":{"line":85,"column":16},"end":{"line":87,"column":17}},"47":{"start":{"line":86,"column":20},"end":{"line":86,"column":29}},"48":{"start":{"line":88,"column":16},"end":{"line":88,"column":39}},"49":{"start":{"line":91,"column":12},"end":{"line":94,"column":13}},"50":{"start":{"line":92,"column":16},"end":{"line":92,"column":45}},"51":{"start":{"line":93,"column":16},"end":{"line":93,"column":46}},"52":{"start":{"line":95,"column":12},"end":{"line":95,"column":19}},"53":{"start":{"line":99,"column":0},"end":{"line":99,"column":23}}},"branchMap":{"1":{"line":26,"type":"if","locations":[{"start":{"line":26,"column":8},"end":{"line":26,"column":8}},{"start":{"line":26,"column":8},"end":{"line":26,"column":8}}]},"2":{"line":26,"type":"binary-expr","locations":[{"start":{"line":26,"column":14},"end":{"line":26,"column":30}},{"start":{"line":26,"column":34},"end":{"line":26,"column":51}}]},"3":{"line":29,"type":"if","locations":[{"start":{"line":29,"column":8},"end":{"line":29,"column":8}},{"start":{"line":29,"column":8},"end":{"line":29,"column":8}}]},"4":{"line":32,"type":"if","locations":[{"start":{"line":32,"column":8},"end":{"line":32,"column":8}},{"start":{"line":32,"column":8},"end":{"line":32,"column":8}}]},"5":{"line":32,"type":"binary-expr","locations":[{"start":{"line":32,"column":14},"end":{"line":32,"column":29}},{"start":{"line":32,"column":33},"end":{"line":32,"column":49}}]},"6":{"line":35,"type":"if","locations":[{"start":{"line":35,"column":8},"end":{"line":35,"column":8}},{"start":{"line":35,"column":8},"end":{"line":35,"column":8}}]},"7":{"line":38,"type":"if","locations":[{"start":{"line":38,"column":8},"end":{"line":38,"column":8}},{"start":{"line":38,"column":8},"end":{"line":38,"column":8}}]},"8":{"line":41,"type":"if","locations":[{"start":{"line":41,"column":8},"end":{"line":41,"column":8}},{"start":{"line":41,"column":8},"end":{"line":41,"column":8}}]},"9":{"line":47,"type":"if","locations":[{"start":{"line":47,"column":12},"end":{"line":47,"column":12}},{"start":{"line":47,"column":12},"end":{"line":47,"column":12}}]},"10":{"line":85,"type":"if","locations":[{"start":{"line":85,"column":16},"end":{"line":85,"column":16}},{"start":{"line":85,"column":16},"end":{"line":85,"column":16}}]},"11":{"line":91,"type":"if","locations":[{"start":{"line":91,"column":12},"end":{"line":91,"column":12}},{"start":{"line":91,"column":12},"end":{"line":91,"column":12}}]}}},"D:\\谭上彪\\project\\blog\\my-blog-express\\models\\users.js":{"path":"D:\\谭上彪\\project\\blog\\my-blog-express\\models\\users.js","s":{"1":1,"2":1,"3":0,"4":0},"b":{},"f":{"1":0,"2":0},"fnMap":{"1":{"name":"create","line":5,"loc":{"start":{"line":5,"column":12},"end":{"line":5,"column":34}}},"2":{"name":"(anonymous_2)","line":9,"loc":{"start":{"line":9,"column":18},"end":{"line":9,"column":25}}}},"statementMap":{"1":{"start":{"line":1,"column":0},"end":{"line":1,"column":41}},"2":{"start":{"line":3,"column":0},"end":{"line":15,"column":1}},"3":{"start":{"line":6,"column":8},"end":{"line":6,"column":42}},"4":{"start":{"line":10,"column":8},"end":{"line":13,"column":19}}},"branchMap":{}},"D:\\谭上彪\\project\\blog\\my-blog-express\\lib\\mongo.js":{"path":"D:\\谭上彪\\project\\blog\\my-blog-express\\lib\\mongo.js","s":{"1":1,"2":1,"3":1,"4":1,"5":1,"6":1,"7":1,"8":0,"9":0,"10":0,"11":0,"12":0,"13":1,"14":1,"15":1},"b":{"1":[0,0]},"f":{"1":0,"2":0},"fnMap":{"1":{"name":"(anonymous_1)","line":11,"loc":{"start":{"line":11,"column":14},"end":{"line":11,"column":24}}},"2":{"name":"(anonymous_2)","line":16,"loc":{"start":{"line":16,"column":17},"end":{"line":16,"column":26}}}},"statementMap":{"1":{"start":{"line":1,"column":0},"end":{"line":1,"column":48}},"2":{"start":{"line":2,"column":0},"end":{"line":2,"column":38}},"3":{"start":{"line":3,"column":0},"end":{"line":3,"column":33}},"4":{"start":{"line":4,"column":0},"end":{"line":4,"column":33}},"5":{"start":{"line":6,"column":0},"end":{"line":6,"column":32}},"6":{"start":{"line":7,"column":0},"end":{"line":7,"column":60}},"7":{"start":{"line":10,"column":0},"end":{"line":22,"column":2}},"8":{"start":{"line":12,"column":8},"end":{"line":14,"column":10}},"9":{"start":{"line":13,"column":12},"end":{"line":13,"column":94}},"10":{"start":{"line":17,"column":8},"end":{"line":19,"column":9}},"11":{"start":{"line":18,"column":12},"end":{"line":18,"column":98}},"12":{"start":{"line":20,"column":8},"end":{"line":20,"column":21}},"13":{"start":{"line":26,"column":0},"end":{"line":32,"column":2}},"14":{"start":{"line":36,"column":0},"end":{"line":41,"column":2}},"15":{"start":{"line":44,"column":0},"end":{"line":57,"column":2}}},"branchMap":{"1":{"line":17,"type":"if","locations":[{"start":{"line":17,"column":8},"end":{"line":17,"column":8}},{"start":{"line":17,"column":8},"end":{"line":17,"column":8}}]}}},"D:\\谭上彪\\project\\blog\\my-blog-express\\middlewares\\check.js":{"path":"D:\\谭上彪\\project\\blog\\my-blog-express\\middlewares\\check.js","s":{"1":1,"2":0,"3":0,"4":0,"5":0,"6":0,"7":0,"8":0,"9":0},"b":{"1":[0,0],"2":[0,0]},"f":{"1":0,"2":0},"fnMap":{"1":{"name":"checkLogin","line":15,"loc":{"start":{"line":15,"column":16},"end":{"line":15,"column":53}}},"2":{"name":"checkNotLogin","line":22,"loc":{"start":{"line":22,"column":19},"end":{"line":22,"column":59}}}},"statementMap":{"1":{"start":{"line":11,"column":0},"end":{"line":29,"column":1}},"2":{"start":{"line":16,"column":8},"end":{"line":19,"column":9}},"3":{"start":{"line":17,"column":12},"end":{"line":17,"column":37}},"4":{"start":{"line":18,"column":12},"end":{"line":18,"column":42}},"5":{"start":{"line":20,"column":8},"end":{"line":20,"column":14}},"6":{"start":{"line":23,"column":8},"end":{"line":26,"column":9}},"7":{"start":{"line":24,"column":12},"end":{"line":24,"column":39}},"8":{"start":{"line":25,"column":12},"end":{"line":25,"column":39}},"9":{"start":{"line":27,"column":8},"end":{"line":27,"column":14}}},"branchMap":{"1":{"line":16,"type":"if","locations":[{"start":{"line":16,"column":8},"end":{"line":16,"column":8}},{"start":{"line":16,"column":8},"end":{"line":16,"column":8}}]},"2":{"line":23,"type":"if","locations":[{"start":{"line":23,"column":8},"end":{"line":23,"column":8}},{"start":{"line":23,"column":8},"end":{"line":23,"column":8}}]}}},"D:\\谭上彪\\project\\blog\\my-blog-express\\routes\\signin.js":{"path":"D:\\谭上彪\\project\\blog\\my-blog-express\\routes\\signin.js","s":{"1":1,"2":1,"3":1,"4":1,"5":1,"6":1,"7":0,"8":1,"9":0,"10":0,"11":0,"12":0,"13":0,"14":0,"15":0,"16":0,"17":0,"18":0,"19":0,"20":0,"21":0,"22":0,"23":0,"24":0,"25":0,"26":0,"27":0,"28":0,"29":1},"b":{"1":[0,0],"2":[0,0],"3":[0,0],"4":[0,0]},"f":{},"fnMap":{},"statementMap":{"1":{"start":{"line":3,"column":0},"end":{"line":3,"column":28}},"2":{"start":{"line":4,"column":0},"end":{"line":4,"column":34}},"3":{"start":{"line":5,"column":0},"end":{"line":5,"column":31}},"4":{"start":{"line":7,"column":0},"end":{"line":7,"column":44}},"5":{"start":{"line":8,"column":0},"end":{"line":8,"column":67}},"6":{"start":{"line":11,"column":0},"end":{"line":13,"column":2}},"7":{"start":{"line":12,"column":4},"end":{"line":12,"column":24}},"8":{"start":{"line":16,"column":0},"end":{"line":53,"column":2}},"9":{"start":{"line":17,"column":4},"end":{"line":17,"column":32}},"10":{"start":{"line":18,"column":4},"end":{"line":18,"column":40}},"11":{"start":{"line":21,"column":4},"end":{"line":31,"column":5}},"12":{"start":{"line":22,"column":8},"end":{"line":24,"column":9}},"13":{"start":{"line":23,"column":12},"end":{"line":23,"column":37}},"14":{"start":{"line":25,"column":8},"end":{"line":27,"column":9}},"15":{"start":{"line":26,"column":12},"end":{"line":26,"column":36}},"16":{"start":{"line":29,"column":8},"end":{"line":29,"column":37}},"17":{"start":{"line":30,"column":8},"end":{"line":30,"column":35}},"18":{"start":{"line":33,"column":4},"end":{"line":51,"column":20}},"19":{"start":{"line":35,"column":12},"end":{"line":38,"column":13}},"20":{"start":{"line":36,"column":16},"end":{"line":36,"column":43}},"21":{"start":{"line":37,"column":16},"end":{"line":37,"column":43}},"22":{"start":{"line":40,"column":12},"end":{"line":43,"column":13}},"23":{"start":{"line":41,"column":16},"end":{"line":41,"column":44}},"24":{"start":{"line":42,"column":16},"end":{"line":42,"column":43}},"25":{"start":{"line":44,"column":12},"end":{"line":44,"column":40}},"26":{"start":{"line":46,"column":12},"end":{"line":46,"column":32}},"27":{"start":{"line":47,"column":12},"end":{"line":47,"column":35}},"28":{"start":{"line":49,"column":12},"end":{"line":49,"column":34}},"29":{"start":{"line":55,"column":0},"end":{"line":55,"column":23}}},"branchMap":{"1":{"line":22,"type":"if","locations":[{"start":{"line":22,"column":8},"end":{"line":22,"column":8}},{"start":{"line":22,"column":8},"end":{"line":22,"column":8}}]},"2":{"line":25,"type":"if","locations":[{"start":{"line":25,"column":8},"end":{"line":25,"column":8}},{"start":{"line":25,"column":8},"end":{"line":25,"column":8}}]},"3":{"line":35,"type":"if","locations":[{"start":{"line":35,"column":12},"end":{"line":35,"column":12}},{"start":{"line":35,"column":12},"end":{"line":35,"column":12}}]},"4":{"line":40,"type":"if","locations":[{"start":{"line":40,"column":12},"end":{"line":40,"column":12}},{"start":{"line":40,"column":12},"end":{"line":40,"column":12}}]}}},"D:\\谭上彪\\project\\blog\\my-blog-express\\routes\\signout.js":{"path":"D:\\谭上彪\\project\\blog\\my-blog-express\\routes\\signout.js","s":{"1":1,"2":1,"3":1,"4":1,"5":0,"6":0,"7":0,"8":1},"b":{},"f":{},"fnMap":{},"statementMap":{"1":{"start":{"line":3,"column":0},"end":{"line":3,"column":34}},"2":{"start":{"line":4,"column":0},"end":{"line":4,"column":31}},"3":{"start":{"line":6,"column":0},"end":{"line":6,"column":61}},"4":{"start":{"line":9,"column":0},"end":{"line":15,"column":2}},"5":{"start":{"line":11,"column":4},"end":{"line":11,"column":27}},"6":{"start":{"line":12,"column":4},"end":{"line":12,"column":34}},"7":{"start":{"line":14,"column":4},"end":{"line":14,"column":26}},"8":{"start":{"line":17,"column":0},"end":{"line":17,"column":23}}},"branchMap":{}},"D:\\谭上彪\\project\\blog\\my-blog-express\\routes\\posts.js":{"path":"D:\\谭上彪\\project\\blog\\my-blog-express\\routes\\posts.js","s":{"1":1,"2":1,"3":1,"4":1,"5":1,"6":1,"7":0,"8":0,"9":0,"10":0,"11":1,"12":0,"13":0,"14":0,"15":0,"16":0,"17":0,"18":0,"19":0,"20":0,"21":0,"22":0,"23":0,"24":0,"25":0,"26":0,"27":1,"28":0,"29":1,"30":0,"31":0,"32":0,"33":0,"34":0,"35":0,"36":0,"37":1,"38":0,"39":0,"40":0,"41":0,"42":0,"43":0,"44":0,"45":0,"46":1,"47":0,"48":0,"49":0,"50":0,"51":0,"52":0,"53":0,"54":0,"55":0,"56":0,"57":0,"58":0,"59":0,"60":0,"61":0,"62":0,"63":0,"64":0,"65":0,"66":1,"67":0,"68":0,"69":0,"70":0,"71":0,"72":0,"73":0,"74":0,"75":0,"76":0,"77":1},"b":{"1":[0,0],"2":[0,0],"3":[0,0],"4":[0,0],"5":[0,0],"6":[0,0],"7":[0,0],"8":[0,0],"9":[0,0],"10":[0,0],"11":[0,0]},"f":{"1":0,"2":0,"3":0,"4":0,"5":0,"6":0,"7":0,"8":0,"9":0,"10":0},"fnMap":{"1":{"name":"(anonymous_1)","line":66,"loc":{"start":{"line":66,"column":23},"end":{"line":66,"column":49}}},"2":{"name":"(anonymous_2)","line":74,"loc":{"start":{"line":74,"column":14},"end":{"line":74,"column":32}}},"3":{"name":"(anonymous_3)","line":90,"loc":{"start":{"line":90,"column":40},"end":{"line":90,"column":66}}},"4":{"name":"(anonymous_4)","line":95,"loc":{"start":{"line":95,"column":14},"end":{"line":95,"column":30}}},"5":{"name":"(anonymous_5)","line":110,"loc":{"start":{"line":110,"column":41},"end":{"line":110,"column":67}}},"6":{"name":"(anonymous_6)","line":130,"loc":{"start":{"line":130,"column":14},"end":{"line":130,"column":30}}},"7":{"name":"(anonymous_7)","line":141,"loc":{"start":{"line":141,"column":22},"end":{"line":141,"column":34}}},"8":{"name":"(anonymous_8)","line":151,"loc":{"start":{"line":151,"column":42},"end":{"line":151,"column":68}}},"9":{"name":"(anonymous_9)","line":156,"loc":{"start":{"line":156,"column":14},"end":{"line":156,"column":30}}},"10":{"name":"(anonymous_10)","line":164,"loc":{"start":{"line":164,"column":22},"end":{"line":164,"column":34}}}},"statementMap":{"1":{"start":{"line":3,"column":0},"end":{"line":3,"column":34}},"2":{"start":{"line":4,"column":0},"end":{"line":4,"column":31}},"3":{"start":{"line":6,"column":0},"end":{"line":6,"column":44}},"4":{"start":{"line":7,"column":0},"end":{"line":7,"column":50}},"5":{"start":{"line":8,"column":0},"end":{"line":8,"column":61}},"6":{"start":{"line":12,"column":0},"end":{"line":22,"column":2}},"7":{"start":{"line":13,"column":4},"end":{"line":13,"column":35}},"8":{"start":{"line":15,"column":4},"end":{"line":21,"column":10}},"9":{"start":{"line":17,"column":12},"end":{"line":17,"column":30}},"10":{"start":{"line":18,"column":12},"end":{"line":20,"column":14}},"11":{"start":{"line":25,"column":0},"end":{"line":58,"column":2}},"12":{"start":{"line":26,"column":4},"end":{"line":26,"column":39}},"13":{"start":{"line":27,"column":4},"end":{"line":27,"column":34}},"14":{"start":{"line":28,"column":4},"end":{"line":28,"column":38}},"15":{"start":{"line":31,"column":4},"end":{"line":41,"column":5}},"16":{"start":{"line":32,"column":8},"end":{"line":34,"column":9}},"17":{"start":{"line":33,"column":12},"end":{"line":33,"column":36}},"18":{"start":{"line":35,"column":8},"end":{"line":37,"column":9}},"19":{"start":{"line":36,"column":12},"end":{"line":36,"column":36}},"20":{"start":{"line":39,"column":8},"end":{"line":39,"column":41}},"21":{"start":{"line":40,"column":8},"end":{"line":40,"column":35}},"22":{"start":{"line":43,"column":4},"end":{"line":47,"column":5}},"23":{"start":{"line":49,"column":4},"end":{"line":57,"column":20}},"24":{"start":{"line":52,"column":12},"end":{"line":52,"column":32}},"25":{"start":{"line":53,"column":12},"end":{"line":53,"column":40}},"26":{"start":{"line":55,"column":12},"end":{"line":55,"column":46}},"27":{"start":{"line":61,"column":0},"end":{"line":63,"column":2}},"28":{"start":{"line":62,"column":4},"end":{"line":62,"column":24}},"29":{"start":{"line":66,"column":0},"end":{"line":87,"column":2}},"30":{"start":{"line":67,"column":4},"end":{"line":67,"column":36}},"31":{"start":{"line":69,"column":4},"end":{"line":86,"column":20}},"32":{"start":{"line":75,"column":12},"end":{"line":75,"column":34}},"33":{"start":{"line":76,"column":12},"end":{"line":76,"column":38}},"34":{"start":{"line":77,"column":12},"end":{"line":79,"column":13}},"35":{"start":{"line":78,"column":16},"end":{"line":78,"column":41}},"36":{"start":{"line":81,"column":12},"end":{"line":84,"column":14}},"37":{"start":{"line":90,"column":0},"end":{"line":107,"column":2}},"38":{"start":{"line":91,"column":4},"end":{"line":91,"column":36}},"39":{"start":{"line":92,"column":4},"end":{"line":92,"column":39}},"40":{"start":{"line":94,"column":4},"end":{"line":106,"column":20}},"41":{"start":{"line":96,"column":12},"end":{"line":98,"column":13}},"42":{"start":{"line":97,"column":16},"end":{"line":97,"column":41}},"43":{"start":{"line":99,"column":12},"end":{"line":101,"column":13}},"44":{"start":{"line":100,"column":16},"end":{"line":100,"column":39}},"45":{"start":{"line":102,"column":12},"end":{"line":104,"column":14}},"46":{"start":{"line":110,"column":0},"end":{"line":148,"column":2}},"47":{"start":{"line":111,"column":4},"end":{"line":111,"column":36}},"48":{"start":{"line":112,"column":4},"end":{"line":112,"column":39}},"49":{"start":{"line":113,"column":4},"end":{"line":113,"column":34}},"50":{"start":{"line":114,"column":4},"end":{"line":114,"column":38}},"51":{"start":{"line":117,"column":4},"end":{"line":127,"column":5}},"52":{"start":{"line":118,"column":8},"end":{"line":120,"column":9}},"53":{"start":{"line":119,"column":12},"end":{"line":119,"column":36}},"54":{"start":{"line":121,"column":8},"end":{"line":123,"column":9}},"55":{"start":{"line":122,"column":12},"end":{"line":122,"column":36}},"56":{"start":{"line":125,"column":8},"end":{"line":125,"column":37}},"57":{"start":{"line":126,"column":8},"end":{"line":126,"column":35}},"58":{"start":{"line":129,"column":4},"end":{"line":147,"column":10}},"59":{"start":{"line":131,"column":12},"end":{"line":133,"column":13}},"60":{"start":{"line":132,"column":16},"end":{"line":132,"column":40}},"61":{"start":{"line":134,"column":12},"end":{"line":136,"column":13}},"62":{"start":{"line":135,"column":16},"end":{"line":135,"column":39}},"63":{"start":{"line":137,"column":12},"end":{"line":146,"column":28}},"64":{"start":{"line":142,"column":20},"end":{"line":142,"column":50}},"65":{"start":{"line":144,"column":20},"end":{"line":144,"column":52}},"66":{"start":{"line":151,"column":0},"end":{"line":171,"column":2}},"67":{"start":{"line":152,"column":4},"end":{"line":152,"column":36}},"68":{"start":{"line":153,"column":4},"end":{"line":153,"column":39}},"69":{"start":{"line":155,"column":4},"end":{"line":170,"column":10}},"70":{"start":{"line":157,"column":12},"end":{"line":159,"column":13}},"71":{"start":{"line":158,"column":16},"end":{"line":158,"column":40}},"72":{"start":{"line":160,"column":12},"end":{"line":162,"column":13}},"73":{"start":{"line":161,"column":16},"end":{"line":161,"column":39}},"74":{"start":{"line":163,"column":12},"end":{"line":169,"column":28}},"75":{"start":{"line":165,"column":20},"end":{"line":165,"column":50}},"76":{"start":{"line":167,"column":20},"end":{"line":167,"column":42}},"77":{"start":{"line":173,"column":0},"end":{"line":173,"column":23}}},"branchMap":{"1":{"line":32,"type":"if","locations":[{"start":{"line":32,"column":8},"end":{"line":32,"column":8}},{"start":{"line":32,"column":8},"end":{"line":32,"column":8}}]},"2":{"line":35,"type":"if","locations":[{"start":{"line":35,"column":8},"end":{"line":35,"column":8}},{"start":{"line":35,"column":8},"end":{"line":35,"column":8}}]},"3":{"line":77,"type":"if","locations":[{"start":{"line":77,"column":12},"end":{"line":77,"column":12}},{"start":{"line":77,"column":12},"end":{"line":77,"column":12}}]},"4":{"line":96,"type":"if","locations":[{"start":{"line":96,"column":12},"end":{"line":96,"column":12}},{"start":{"line":96,"column":12},"end":{"line":96,"column":12}}]},"5":{"line":99,"type":"if","locations":[{"start":{"line":99,"column":12},"end":{"line":99,"column":12}},{"start":{"line":99,"column":12},"end":{"line":99,"column":12}}]},"6":{"line":118,"type":"if","locations":[{"start":{"line":118,"column":8},"end":{"line":118,"column":8}},{"start":{"line":118,"column":8},"end":{"line":118,"column":8}}]},"7":{"line":121,"type":"if","locations":[{"start":{"line":121,"column":8},"end":{"line":121,"column":8}},{"start":{"line":121,"column":8},"end":{"line":121,"column":8}}]},"8":{"line":131,"type":"if","locations":[{"start":{"line":131,"column":12},"end":{"line":131,"column":12}},{"start":{"line":131,"column":12},"end":{"line":131,"column":12}}]},"9":{"line":134,"type":"if","locations":[{"start":{"line":134,"column":12},"end":{"line":134,"column":12}},{"start":{"line":134,"column":12},"end":{"line":134,"column":12}}]},"10":{"line":157,"type":"if","locations":[{"start":{"line":157,"column":12},"end":{"line":157,"column":12}},{"start":{"line":157,"column":12},"end":{"line":157,"column":12}}]},"11":{"line":160,"type":"if","locations":[{"start":{"line":160,"column":12},"end":{"line":160,"column":12}},{"start":{"line":160,"column":12},"end":{"line":160,"column":12}}]}}},"D:\\谭上彪\\project\\blog\\my-blog-express\\models\\posts.js":{"path":"D:\\谭上彪\\project\\blog\\my-blog-express\\models\\posts.js","s":{"1":1,"2":1,"3":1,"4":1,"5":0,"6":0,"7":0,"8":0,"9":0,"10":0,"11":1,"12":0,"13":0,"14":0,"15":0,"16":0,"17":0,"18":0,"19":0,"20":0,"21":1,"22":0,"23":0,"24":0,"25":0,"26":0,"27":0,"28":0,"29":0,"30":0,"31":0,"32":0,"33":0},"b":{"1":[0,0],"2":[0,0],"3":[0,0],"4":[0,0],"5":[0,0]},"f":{"1":0,"2":0,"3":0,"4":0,"5":0,"6":0,"7":0,"8":0,"9":0,"10":0,"11":0,"12":0,"13":0,"14":0},"fnMap":{"1":{"name":"(anonymous_1)","line":7,"loc":{"start":{"line":7,"column":15},"end":{"line":7,"column":32}}},"2":{"name":"(anonymous_2)","line":8,"loc":{"start":{"line":8,"column":25},"end":{"line":8,"column":41}}},"3":{"name":"(anonymous_3)","line":13,"loc":{"start":{"line":13,"column":18},"end":{"line":13,"column":34}}},"4":{"name":"(anonymous_4)","line":23,"loc":{"start":{"line":23,"column":14},"end":{"line":23,"column":22}}},"5":{"name":"(anonymous_5)","line":25,"loc":{"start":{"line":25,"column":64},"end":{"line":25,"column":89}}},"6":{"name":"(anonymous_6)","line":31,"loc":{"start":{"line":31,"column":17},"end":{"line":31,"column":24}}},"7":{"name":"(anonymous_7)","line":33,"loc":{"start":{"line":33,"column":64},"end":{"line":33,"column":81}}},"8":{"name":"create","line":44,"loc":{"start":{"line":44,"column":12},"end":{"line":44,"column":34}}},"9":{"name":"getPostById","line":49,"loc":{"start":{"line":49,"column":17},"end":{"line":49,"column":46}}},"10":{"name":"getPosts","line":64,"loc":{"start":{"line":64,"column":14},"end":{"line":64,"column":40}}},"11":{"name":"incPv","line":78,"loc":{"start":{"line":78,"column":11},"end":{"line":78,"column":34}}},"12":{"name":"(anonymous_12)","line":90,"loc":{"start":{"line":90,"column":19},"end":{"line":90,"column":28}}},"13":{"name":"(anonymous_13)","line":97,"loc":{"start":{"line":97,"column":19},"end":{"line":97,"column":34}}},"14":{"name":"(anonymous_14)","line":101,"loc":{"start":{"line":101,"column":16},"end":{"line":101,"column":25}}}},"statementMap":{"1":{"start":{"line":1,"column":0},"end":{"line":1,"column":32}},"2":{"start":{"line":2,"column":0},"end":{"line":2,"column":41}},"3":{"start":{"line":3,"column":0},"end":{"line":3,"column":42}},"4":{"start":{"line":6,"column":0},"end":{"line":19,"column":2}},"5":{"start":{"line":8,"column":8},"end":{"line":11,"column":10}},"6":{"start":{"line":9,"column":12},"end":{"line":9,"column":47}},"7":{"start":{"line":10,"column":12},"end":{"line":10,"column":23}},"8":{"start":{"line":14,"column":8},"end":{"line":16,"column":9}},"9":{"start":{"line":15,"column":12},"end":{"line":15,"column":47}},"10":{"start":{"line":17,"column":8},"end":{"line":17,"column":19}},"11":{"start":{"line":22,"column":0},"end":{"line":40,"column":2}},"12":{"start":{"line":24,"column":8},"end":{"line":29,"column":11}},"13":{"start":{"line":25,"column":12},"end":{"line":28,"column":14}},"14":{"start":{"line":26,"column":16},"end":{"line":26,"column":50}},"15":{"start":{"line":27,"column":16},"end":{"line":27,"column":27}},"16":{"start":{"line":32,"column":8},"end":{"line":37,"column":9}},"17":{"start":{"line":33,"column":12},"end":{"line":36,"column":14}},"18":{"start":{"line":34,"column":16},"end":{"line":34,"column":42}},"19":{"start":{"line":35,"column":16},"end":{"line":35,"column":27}},"20":{"start":{"line":38,"column":8},"end":{"line":38,"column":19}},"21":{"start":{"line":42,"column":0},"end":{"line":111,"column":1}},"22":{"start":{"line":45,"column":8},"end":{"line":45,"column":42}},"23":{"start":{"line":50,"column":8},"end":{"line":60,"column":19}},"24":{"start":{"line":65,"column":8},"end":{"line":65,"column":22}},"25":{"start":{"line":66,"column":8},"end":{"line":68,"column":9}},"26":{"start":{"line":67,"column":12},"end":{"line":67,"column":33}},"27":{"start":{"line":69,"column":8},"end":{"line":74,"column":19}},"28":{"start":{"line":79,"column":8},"end":{"line":87,"column":19}},"29":{"start":{"line":91,"column":8},"end":{"line":94,"column":19}},"30":{"start":{"line":98,"column":8},"end":{"line":98,"column":69}},"31":{"start":{"line":102,"column":8},"end":{"line":109,"column":14}},"32":{"start":{"line":106,"column":16},"end":{"line":108,"column":17}},"33":{"start":{"line":107,"column":20},"end":{"line":107,"column":66}}},"branchMap":{"1":{"line":14,"type":"if","locations":[{"start":{"line":14,"column":8},"end":{"line":14,"column":8}},{"start":{"line":14,"column":8},"end":{"line":14,"column":8}}]},"2":{"line":32,"type":"if","locations":[{"start":{"line":32,"column":8},"end":{"line":32,"column":8}},{"start":{"line":32,"column":8},"end":{"line":32,"column":8}}]},"3":{"line":66,"type":"if","locations":[{"start":{"line":66,"column":8},"end":{"line":66,"column":8}},{"start":{"line":66,"column":8},"end":{"line":66,"column":8}}]},"4":{"line":106,"type":"if","locations":[{"start":{"line":106,"column":16},"end":{"line":106,"column":16}},{"start":{"line":106,"column":16},"end":{"line":106,"column":16}}]},"5":{"line":106,"type":"binary-expr","locations":[{"start":{"line":106,"column":20},"end":{"line":106,"column":33}},{"start":{"line":106,"column":37},"end":{"line":106,"column":53}}]}}},"D:\\谭上彪\\project\\blog\\my-blog-express\\models\\comments.js":{"path":"D:\\谭上彪\\project\\blog\\my-blog-express\\models\\comments.js","s":{"1":1,"2":1,"3":1,"4":0,"5":0,"6":0,"7":1,"8":0,"9":0,"10":0,"11":0,"12":0,"13":0},"b":{},"f":{"1":0,"2":0,"3":0,"4":0,"5":0,"6":0,"7":0},"fnMap":{"1":{"name":"(anonymous_1)","line":6,"loc":{"start":{"line":6,"column":14},"end":{"line":6,"column":25}}},"2":{"name":"(anonymous_2)","line":16,"loc":{"start":{"line":16,"column":11},"end":{"line":16,"column":21}}},"3":{"name":"(anonymous_3)","line":21,"loc":{"start":{"line":21,"column":19},"end":{"line":21,"column":31}}},"4":{"name":"(anonymous_4)","line":28,"loc":{"start":{"line":28,"column":19},"end":{"line":28,"column":31}}},"5":{"name":"(anonymous_5)","line":35,"loc":{"start":{"line":35,"column":23},"end":{"line":35,"column":32}}},"6":{"name":"(anonymous_6)","line":42,"loc":{"start":{"line":42,"column":16},"end":{"line":42,"column":25}}},"7":{"name":"(anonymous_7)","line":51,"loc":{"start":{"line":51,"column":21},"end":{"line":51,"column":30}}}},"statementMap":{"1":{"start":{"line":1,"column":0},"end":{"line":1,"column":32}},"2":{"start":{"line":2,"column":0},"end":{"line":2,"column":47}},"3":{"start":{"line":5,"column":0},"end":{"line":12,"column":2}},"4":{"start":{"line":7,"column":8},"end":{"line":10,"column":10}},"5":{"start":{"line":8,"column":12},"end":{"line":8,"column":53}},"6":{"start":{"line":9,"column":12},"end":{"line":9,"column":26}},"7":{"start":{"line":14,"column":0},"end":{"line":56,"column":1}},"8":{"start":{"line":17,"column":8},"end":{"line":17,"column":48}},"9":{"start":{"line":22,"column":8},"end":{"line":24,"column":17}},"10":{"start":{"line":29,"column":8},"end":{"line":31,"column":16}},"11":{"start":{"line":36,"column":8},"end":{"line":38,"column":17}},"12":{"start":{"line":43,"column":8},"end":{"line":47,"column":19}},"13":{"start":{"line":52,"column":8},"end":{"line":54,"column":17}}},"branchMap":{}},"D:\\谭上彪\\project\\blog\\my-blog-express\\routes\\comments.js":{"path":"D:\\谭上彪\\project\\blog\\my-blog-express\\routes\\comments.js","s":{"1":1,"2":1,"3":1,"4":1,"5":1,"6":0,"7":0,"8":0,"9":0,"10":0,"11":0,"12":0,"13":0,"14":0,"15":0,"16":0,"17":0,"18":1,"19":0,"20":0,"21":0,"22":0,"23":0,"24":0,"25":0,"26":0,"27":0,"28":0,"29":1},"b":{"1":[0,0],"2":[0,0],"3":[0,0]},"f":{"1":0,"2":0},"fnMap":{"1":{"name":"(anonymous_1)","line":10,"loc":{"start":{"line":10,"column":29},"end":{"line":10,"column":55}}},"2":{"name":"(anonymous_2)","line":40,"loc":{"start":{"line":40,"column":45},"end":{"line":40,"column":71}}}},"statementMap":{"1":{"start":{"line":3,"column":0},"end":{"line":3,"column":34}},"2":{"start":{"line":4,"column":0},"end":{"line":4,"column":31}},"3":{"start":{"line":6,"column":0},"end":{"line":6,"column":61}},"4":{"start":{"line":7,"column":0},"end":{"line":7,"column":50}},"5":{"start":{"line":10,"column":0},"end":{"line":37,"column":2}},"6":{"start":{"line":11,"column":4},"end":{"line":11,"column":39}},"7":{"start":{"line":12,"column":4},"end":{"line":12,"column":36}},"8":{"start":{"line":13,"column":4},"end":{"line":13,"column":38}},"9":{"start":{"line":16,"column":4},"end":{"line":23,"column":5}},"10":{"start":{"line":17,"column":8},"end":{"line":19,"column":9}},"11":{"start":{"line":18,"column":12},"end":{"line":18,"column":38}},"12":{"start":{"line":21,"column":8},"end":{"line":21,"column":41}},"13":{"start":{"line":22,"column":8},"end":{"line":22,"column":35}},"14":{"start":{"line":25,"column":4},"end":{"line":29,"column":5}},"15":{"start":{"line":31,"column":4},"end":{"line":36,"column":20}},"16":{"start":{"line":33,"column":12},"end":{"line":33,"column":39}},"17":{"start":{"line":34,"column":12},"end":{"line":34,"column":32}},"18":{"start":{"line":40,"column":0},"end":{"line":58,"column":2}},"19":{"start":{"line":41,"column":4},"end":{"line":41,"column":42}},"20":{"start":{"line":42,"column":4},"end":{"line":42,"column":39}},"21":{"start":{"line":44,"column":4},"end":{"line":57,"column":10}},"22":{"start":{"line":46,"column":12},"end":{"line":48,"column":13}},"23":{"start":{"line":47,"column":16},"end":{"line":47,"column":40}},"24":{"start":{"line":49,"column":12},"end":{"line":51,"column":13}},"25":{"start":{"line":50,"column":16},"end":{"line":50,"column":43}},"26":{"start":{"line":52,"column":12},"end":{"line":56,"column":18}},"27":{"start":{"line":54,"column":20},"end":{"line":54,"column":50}},"28":{"start":{"line":55,"column":20},"end":{"line":55,"column":40}},"29":{"start":{"line":60,"column":0},"end":{"line":60,"column":23}}},"branchMap":{"1":{"line":17,"type":"if","locations":[{"start":{"line":17,"column":8},"end":{"line":17,"column":8}},{"start":{"line":17,"column":8},"end":{"line":17,"column":8}}]},"2":{"line":46,"type":"if","locations":[{"start":{"line":46,"column":12},"end":{"line":46,"column":12}},{"start":{"line":46,"column":12},"end":{"line":46,"column":12}}]},"3":{"line":49,"type":"if","locations":[{"start":{"line":49,"column":12},"end":{"line":49,"column":12}},{"start":{"line":49,"column":12},"end":{"line":49,"column":12}}]}}}}